2021-03-17 08:54:23.190  INFO 10876 --- [restartedMain] com.AreaZer.MyBlogApplication            : Starting MyBlogApplication on computer with PID 10876 (C:\Users\lenovo\Desktop\Blog\blogSpringBoot\target\classes started by lenovo in C:\Users\lenovo\Desktop\Blog\blogSpringBoot)
2021-03-17 08:54:23.190  INFO 10876 --- [restartedMain] com.AreaZer.MyBlogApplication            : The following profiles are active: dev
2021-03-17 08:54:23.340  INFO 10876 --- [restartedMain] .e.DevToolsPropertyDefaultsPostProcessor : Devtools property defaults active! Set 'spring.devtools.add-properties' to 'false' to disable
2021-03-17 08:54:23.340  INFO 10876 --- [restartedMain] .e.DevToolsPropertyDefaultsPostProcessor : For additional web related logging consider setting the 'logging.level.web' property to 'DEBUG'
2021-03-17 08:54:29.640  INFO 10876 --- [restartedMain] .s.d.r.c.RepositoryConfigurationDelegate : Multiple Spring Data modules found, entering strict repository configuration mode!
2021-03-17 08:54:29.700  INFO 10876 --- [restartedMain] .s.d.r.c.RepositoryConfigurationDelegate : Bootstrapping Spring Data repositories in DEFAULT mode.
2021-03-17 08:54:29.880  INFO 10876 --- [restartedMain] .s.d.r.c.RepositoryConfigurationDelegate : Finished Spring Data repository scanning in 70ms. Found 0 repository interfaces.
2021-03-17 08:54:30.920  INFO 10876 --- [restartedMain] trationDelegate$BeanPostProcessorChecker : Bean 'shiroConfig' of type [com.AreaZer.shiro.ShiroConfig$$EnhancerBySpringCGLIB$$357da7dc] is not eligible for getting processed by all BeanPostProcessors (for example: not eligible for auto-proxying)
2021-03-17 08:54:31.090  INFO 10876 --- [restartedMain] trationDelegate$BeanPostProcessorChecker : Bean 'myRealm' of type [com.AreaZer.shiro.MyRealm] is not eligible for getting processed by all BeanPostProcessors (for example: not eligible for auto-proxying)
2021-03-17 08:54:31.490  INFO 10876 --- [restartedMain] trationDelegate$BeanPostProcessorChecker : Bean 'securityManager' of type [org.apache.shiro.web.mgt.DefaultWebSecurityManager] is not eligible for getting processed by all BeanPostProcessors (for example: not eligible for auto-proxying)
2021-03-17 08:54:31.560  INFO 10876 --- [restartedMain] trationDelegate$BeanPostProcessorChecker : Bean 'authorizationAttributeSourceAdvisor' of type [org.apache.shiro.spring.security.interceptor.AuthorizationAttributeSourceAdvisor] is not eligible for getting processed by all BeanPostProcessors (for example: not eligible for auto-proxying)
2021-03-17 08:54:31.680  INFO 10876 --- [restartedMain] trationDelegate$BeanPostProcessorChecker : Bean 'org.springframework.transaction.annotation.ProxyTransactionManagementConfiguration' of type [org.springframework.transaction.annotation.ProxyTransactionManagementConfiguration$$EnhancerBySpringCGLIB$$85e36f42] is not eligible for getting processed by all BeanPostProcessors (for example: not eligible for auto-proxying)
2021-03-17 08:54:32.650  INFO 10876 --- [restartedMain] o.s.b.w.embedded.tomcat.TomcatWebServer  : Tomcat initialized with port(s): 80 (http)
2021-03-17 08:54:32.700  INFO 10876 --- [restartedMain] o.apache.catalina.core.StandardService   : Starting service [Tomcat]
2021-03-17 08:54:32.700  INFO 10876 --- [restartedMain] org.apache.catalina.core.StandardEngine  : Starting Servlet engine: [Apache Tomcat/9.0.19]
2021-03-17 08:54:32.710  INFO 10876 --- [restartedMain] o.a.catalina.core.AprLifecycleListener   : Loaded APR based Apache Tomcat Native library [1.2.25] using APR version [1.7.0].
2021-03-17 08:54:32.710  INFO 10876 --- [restartedMain] o.a.catalina.core.AprLifecycleListener   : APR capabilities: IPv6 [true], sendfile [true], accept filters [false], random [true].
2021-03-17 08:54:32.710  INFO 10876 --- [restartedMain] o.a.catalina.core.AprLifecycleListener   : APR/OpenSSL configuration: useAprConnector [false], useOpenSSL [true]
2021-03-17 08:54:32.830  INFO 10876 --- [restartedMain] o.a.catalina.core.AprLifecycleListener   : OpenSSL successfully initialized [OpenSSL 1.1.1g  21 Apr 2020]
2021-03-17 08:54:33.050  INFO 10876 --- [restartedMain] o.a.c.c.C.[.[localhost].[/AreaZer]       : Initializing Spring embedded WebApplicationContext
2021-03-17 08:54:33.070  INFO 10876 --- [restartedMain] o.s.web.context.ContextLoader            : Root WebApplicationContext: initialization completed in 9730 ms
2021-03-17 08:54:35.480  INFO 10876 --- [restartedMain] c.a.d.s.b.a.DruidDataSourceAutoConfigure : Init DruidDataSource
2021-03-17 08:54:36.810  INFO 10876 --- [restartedMain] com.alibaba.druid.pool.DruidDataSource   : {dataSource-1} inited
2021-03-17 08:54:39.920  INFO 10876 --- [restartedMain] o.s.s.concurrent.ThreadPoolTaskExecutor  : Initializing ExecutorService 'applicationTaskExecutor'
2021-03-17 08:54:40.520  WARN 10876 --- [restartedMain] org.thymeleaf.templatemode.TemplateMode  : [THYMELEAF][restartedMain] Template Mode 'HTML5' is deprecated. Using Template Mode 'HTML' instead.
2021-03-17 08:54:40.680  INFO 10876 --- [restartedMain] o.s.b.a.w.s.WelcomePageHandlerMapping    : Adding welcome page template: index
2021-03-17 08:54:43.920  INFO 10876 --- [restartedMain] o.s.b.d.a.OptionalLiveReloadServer       : LiveReload server is running on port 35729
2021-03-17 08:54:44.220  INFO 10876 --- [restartedMain] o.s.b.w.embedded.tomcat.TomcatWebServer  : Tomcat started on port(s): 80 (http) with context path '/AreaZer'
2021-03-17 08:54:44.250  INFO 10876 --- [restartedMain] com.AreaZer.MyBlogApplication            : Started MyBlogApplication in 22.73 seconds (JVM running for 32.744)
2021-03-17 08:55:54.135  INFO 10876 --- [http-nio-80-exec-1] o.a.c.c.C.[.[localhost].[/AreaZer]       : Initializing Spring DispatcherServlet 'dispatcherServlet'
2021-03-17 08:55:54.135  INFO 10876 --- [http-nio-80-exec-1] o.s.web.servlet.DispatcherServlet        : Initializing Servlet 'dispatcherServlet'
2021-03-17 08:55:54.151  INFO 10876 --- [http-nio-80-exec-1] o.s.web.servlet.DispatcherServlet        : Completed initialization in 15 ms
2021-03-17 08:55:55.226  INFO 10876 --- [http-nio-80-exec-1] io.lettuce.core.EpollProvider            : Starting without optional epoll library
2021-03-17 08:55:55.228  INFO 10876 --- [http-nio-80-exec-1] io.lettuce.core.KqueueProvider           : Starting without optional kqueue library
2021-03-17 09:00:04.439  INFO 3488 --- [restartedMain] com.AreaZer.MyBlogApplication            : Starting MyBlogApplication on computer with PID 3488 (C:\Users\lenovo\Desktop\Blog\blogSpringBoot\target\classes started by lenovo in C:\Users\lenovo\Desktop\Blog\blogSpringBoot)
2021-03-17 09:00:04.439  INFO 3488 --- [restartedMain] com.AreaZer.MyBlogApplication            : The following profiles are active: dev
2021-03-17 09:00:04.519  INFO 3488 --- [restartedMain] .e.DevToolsPropertyDefaultsPostProcessor : Devtools property defaults active! Set 'spring.devtools.add-properties' to 'false' to disable
2021-03-17 09:00:04.519  INFO 3488 --- [restartedMain] .e.DevToolsPropertyDefaultsPostProcessor : For additional web related logging consider setting the 'logging.level.web' property to 'DEBUG'
2021-03-17 09:00:05.899  INFO 3488 --- [restartedMain] .s.d.r.c.RepositoryConfigurationDelegate : Multiple Spring Data modules found, entering strict repository configuration mode!
2021-03-17 09:00:05.899  INFO 3488 --- [restartedMain] .s.d.r.c.RepositoryConfigurationDelegate : Bootstrapping Spring Data repositories in DEFAULT mode.
2021-03-17 09:00:05.959  INFO 3488 --- [restartedMain] .s.d.r.c.RepositoryConfigurationDelegate : Finished Spring Data repository scanning in 30ms. Found 0 repository interfaces.
2021-03-17 09:00:06.259  INFO 3488 --- [restartedMain] trationDelegate$BeanPostProcessorChecker : Bean 'shiroConfig' of type [com.AreaZer.shiro.ShiroConfig$$EnhancerBySpringCGLIB$$66717ce0] is not eligible for getting processed by all BeanPostProcessors (for example: not eligible for auto-proxying)
2021-03-17 09:00:06.309  INFO 3488 --- [restartedMain] trationDelegate$BeanPostProcessorChecker : Bean 'myRealm' of type [com.AreaZer.shiro.MyRealm] is not eligible for getting processed by all BeanPostProcessors (for example: not eligible for auto-proxying)
2021-03-17 09:00:06.779  INFO 3488 --- [restartedMain] trationDelegate$BeanPostProcessorChecker : Bean 'securityManager' of type [org.apache.shiro.web.mgt.DefaultWebSecurityManager] is not eligible for getting processed by all BeanPostProcessors (for example: not eligible for auto-proxying)
2021-03-17 09:00:06.849  INFO 3488 --- [restartedMain] trationDelegate$BeanPostProcessorChecker : Bean 'authorizationAttributeSourceAdvisor' of type [org.apache.shiro.spring.security.interceptor.AuthorizationAttributeSourceAdvisor] is not eligible for getting processed by all BeanPostProcessors (for example: not eligible for auto-proxying)
2021-03-17 09:00:06.889  INFO 3488 --- [restartedMain] trationDelegate$BeanPostProcessorChecker : Bean 'org.springframework.transaction.annotation.ProxyTransactionManagementConfiguration' of type [org.springframework.transaction.annotation.ProxyTransactionManagementConfiguration$$EnhancerBySpringCGLIB$$b6d74446] is not eligible for getting processed by all BeanPostProcessors (for example: not eligible for auto-proxying)
2021-03-17 09:00:07.529  INFO 3488 --- [restartedMain] o.s.b.w.embedded.tomcat.TomcatWebServer  : Tomcat initialized with port(s): 80 (http)
2021-03-17 09:00:07.559  INFO 3488 --- [restartedMain] o.apache.catalina.core.StandardService   : Starting service [Tomcat]
2021-03-17 09:00:07.559  INFO 3488 --- [restartedMain] org.apache.catalina.core.StandardEngine  : Starting Servlet engine: [Apache Tomcat/9.0.19]
2021-03-17 09:00:07.569  INFO 3488 --- [restartedMain] o.a.catalina.core.AprLifecycleListener   : Loaded APR based Apache Tomcat Native library [1.2.25] using APR version [1.7.0].
2021-03-17 09:00:07.569  INFO 3488 --- [restartedMain] o.a.catalina.core.AprLifecycleListener   : APR capabilities: IPv6 [true], sendfile [true], accept filters [false], random [true].
2021-03-17 09:00:07.569  INFO 3488 --- [restartedMain] o.a.catalina.core.AprLifecycleListener   : APR/OpenSSL configuration: useAprConnector [false], useOpenSSL [true]
2021-03-17 09:00:07.589  INFO 3488 --- [restartedMain] o.a.catalina.core.AprLifecycleListener   : OpenSSL successfully initialized [OpenSSL 1.1.1g  21 Apr 2020]
2021-03-17 09:00:07.669  INFO 3488 --- [restartedMain] o.a.c.c.C.[Tomcat].[localhost].[/]       : Initializing Spring embedded WebApplicationContext
2021-03-17 09:00:07.669  INFO 3488 --- [restartedMain] o.s.web.context.ContextLoader            : Root WebApplicationContext: initialization completed in 3150 ms
2021-03-17 09:00:08.169  INFO 3488 --- [restartedMain] c.a.d.s.b.a.DruidDataSourceAutoConfigure : Init DruidDataSource
2021-03-17 09:00:08.659  INFO 3488 --- [restartedMain] com.alibaba.druid.pool.DruidDataSource   : {dataSource-1} inited
2021-03-17 09:00:10.569  INFO 3488 --- [restartedMain] o.s.s.concurrent.ThreadPoolTaskExecutor  : Initializing ExecutorService 'applicationTaskExecutor'
2021-03-17 09:00:10.749  WARN 3488 --- [restartedMain] org.thymeleaf.templatemode.TemplateMode  : [THYMELEAF][restartedMain] Template Mode 'HTML5' is deprecated. Using Template Mode 'HTML' instead.
2021-03-17 09:00:10.789  INFO 3488 --- [restartedMain] o.s.b.a.w.s.WelcomePageHandlerMapping    : Adding welcome page template: index
2021-03-17 09:00:11.409  INFO 3488 --- [restartedMain] o.s.b.d.a.OptionalLiveReloadServer       : LiveReload server is running on port 35729
2021-03-17 09:00:11.469  INFO 3488 --- [restartedMain] o.s.b.w.embedded.tomcat.TomcatWebServer  : Tomcat started on port(s): 80 (http) with context path ''
2021-03-17 09:00:11.479  INFO 3488 --- [restartedMain] com.AreaZer.MyBlogApplication            : Started MyBlogApplication in 7.74 seconds (JVM running for 9.823)
2021-03-17 09:00:44.084  INFO 3488 --- [http-nio-80-exec-1] o.a.c.c.C.[Tomcat].[localhost].[/]       : Initializing Spring DispatcherServlet 'dispatcherServlet'
2021-03-17 09:00:44.085  INFO 3488 --- [http-nio-80-exec-1] o.s.web.servlet.DispatcherServlet        : Initializing Servlet 'dispatcherServlet'
2021-03-17 09:00:44.097  INFO 3488 --- [http-nio-80-exec-1] o.s.web.servlet.DispatcherServlet        : Completed initialization in 12 ms
2021-03-17 09:00:45.259  INFO 3488 --- [http-nio-80-exec-1] io.lettuce.core.EpollProvider            : Starting without optional epoll library
2021-03-17 09:00:45.261  INFO 3488 --- [http-nio-80-exec-1] io.lettuce.core.KqueueProvider           : Starting without optional kqueue library
2021-03-17 09:01:13.538  INFO 3488 --- [Thread-22] o.s.s.concurrent.ThreadPoolTaskExecutor  : Shutting down ExecutorService 'applicationTaskExecutor'
2021-03-17 09:01:13.568  INFO 3488 --- [Thread-22] com.alibaba.druid.pool.DruidDataSource   : {dataSource-1} closed
2021-03-17 09:01:37.291  INFO 3488 --- [restartedMain] com.AreaZer.MyBlogApplication            : Starting MyBlogApplication on computer with PID 3488 (C:\Users\lenovo\Desktop\Blog\blogSpringBoot\target\classes started by lenovo in C:\Users\lenovo\Desktop\Blog\blogSpringBoot)
2021-03-17 09:01:37.291  INFO 3488 --- [restartedMain] com.AreaZer.MyBlogApplication            : The following profiles are active: dev
2021-03-17 09:01:37.771  WARN 3488 --- [restartedMain] o.m.s.mapper.ClassPathMapperScanner      : No MyBatis mapper was found in '[com.AreaZer.mapper]' package. Please check your configuration.
2021-03-17 09:01:37.801  WARN 3488 --- [restartedMain] o.m.s.mapper.ClassPathMapperScanner      : No MyBatis mapper was found in '[com.AreaZer]' package. Please check your configuration.
2021-03-17 09:01:37.821  INFO 3488 --- [restartedMain] .s.d.r.c.RepositoryConfigurationDelegate : Multiple Spring Data modules found, entering strict repository configuration mode!
2021-03-17 09:01:37.821  INFO 3488 --- [restartedMain] .s.d.r.c.RepositoryConfigurationDelegate : Bootstrapping Spring Data repositories in DEFAULT mode.
2021-03-17 09:01:37.821  INFO 3488 --- [restartedMain] .s.d.r.c.RepositoryConfigurationDelegate : Finished Spring Data repository scanning in 0ms. Found 0 repository interfaces.
2021-03-17 09:01:37.931  WARN 3488 --- [restartedMain] o.m.s.mapper.ClassPathMapperScanner      : No MyBatis mapper was found in '[com.AreaZer]' package. Please check your configuration.
2021-03-17 09:01:37.961  INFO 3488 --- [restartedMain] trationDelegate$BeanPostProcessorChecker : Bean 'org.springframework.transaction.annotation.ProxyTransactionManagementConfiguration' of type [org.springframework.transaction.annotation.ProxyTransactionManagementConfiguration$$EnhancerBySpringCGLIB$$b6d74446] is not eligible for getting processed by all BeanPostProcessors (for example: not eligible for auto-proxying)
2021-03-17 09:01:38.171  INFO 3488 --- [restartedMain] o.s.b.w.embedded.tomcat.TomcatWebServer  : Tomcat initialized with port(s): 80 (http)
2021-03-17 09:01:38.181  INFO 3488 --- [restartedMain] o.apache.catalina.core.StandardService   : Starting service [Tomcat]
2021-03-17 09:01:38.181  INFO 3488 --- [restartedMain] org.apache.catalina.core.StandardEngine  : Starting Servlet engine: [Apache Tomcat/9.0.19]
2021-03-17 09:01:38.181  INFO 3488 --- [restartedMain] o.a.catalina.core.AprLifecycleListener   : Loaded APR based Apache Tomcat Native library [1.2.25] using APR version [1.7.0].
2021-03-17 09:01:38.181  INFO 3488 --- [restartedMain] o.a.catalina.core.AprLifecycleListener   : APR capabilities: IPv6 [true], sendfile [true], accept filters [false], random [true].
2021-03-17 09:01:38.181  INFO 3488 --- [restartedMain] o.a.catalina.core.AprLifecycleListener   : APR/OpenSSL configuration: useAprConnector [false], useOpenSSL [true]
2021-03-17 09:01:38.181  INFO 3488 --- [restartedMain] o.a.catalina.core.AprLifecycleListener   : OpenSSL successfully initialized [OpenSSL 1.1.1g  21 Apr 2020]
2021-03-17 09:01:38.221  INFO 3488 --- [restartedMain] o.a.c.c.C.[Tomcat-1].[localhost].[/]     : Initializing Spring embedded WebApplicationContext
2021-03-17 09:01:38.221  INFO 3488 --- [restartedMain] o.s.web.context.ContextLoader            : Root WebApplicationContext: initialization completed in 920 ms
2021-03-17 09:01:38.401  INFO 3488 --- [restartedMain] o.s.s.concurrent.ThreadPoolTaskExecutor  : Initializing ExecutorService 'applicationTaskExecutor'
2021-03-17 09:01:38.481  WARN 3488 --- [restartedMain] org.thymeleaf.templatemode.TemplateMode  : [THYMELEAF][restartedMain] Template Mode 'HTML5' is deprecated. Using Template Mode 'HTML' instead.
2021-03-17 09:01:38.501  INFO 3488 --- [restartedMain] o.s.b.a.w.s.WelcomePageHandlerMapping    : Adding welcome page template: index
2021-03-17 09:01:38.501  INFO 3488 --- [restartedMain] c.a.d.s.b.a.DruidDataSourceAutoConfigure : Init DruidDataSource
2021-03-17 09:01:38.991  INFO 3488 --- [restartedMain] com.alibaba.druid.pool.DruidDataSource   : {dataSource-2} inited
2021-03-17 09:01:39.391  INFO 3488 --- [restartedMain] o.s.b.d.a.OptionalLiveReloadServer       : LiveReload server is running on port 35729
2021-03-17 09:01:39.421  INFO 3488 --- [restartedMain] o.s.b.w.embedded.tomcat.TomcatWebServer  : Tomcat started on port(s): 80 (http) with context path ''
2021-03-17 09:01:39.421  INFO 3488 --- [restartedMain] com.AreaZer.MyBlogApplication            : Started MyBlogApplication in 2.17 seconds (JVM running for 97.766)
2021-03-17 09:01:39.441  INFO 3488 --- [restartedMain] .ConditionEvaluationDeltaLoggingListener : Condition evaluation delta:


==========================
CONDITION EVALUATION DELTA
==========================


Positive matches:
-----------------

   MybatisAutoConfiguration.MapperScannerRegistrarNotFoundConfiguration matched:
      - @ConditionalOnMissingBean (types: org.mybatis.spring.mapper.MapperFactoryBean; SearchStrategy: all) did not find any beans (OnBeanCondition)

   MybatisPlusAutoConfiguration.MapperScannerRegistrarNotFoundConfiguration matched:
      - @ConditionalOnMissingBean (types: org.mybatis.spring.mapper.MapperFactoryBean,org.mybatis.spring.mapper.MapperScannerConfigurer; SearchStrategy: all) did not find any beans (OnBeanCondition)

   RedisAutoConfiguration#redisTemplate matched:
      - @ConditionalOnMissingBean (names: redisTemplate; SearchStrategy: all) did not find any beans (OnBeanCondition)


Negative matches:
-----------------

    None


Exclusions:
-----------

    None


Unconditional classes:
----------------------

    None



2021-03-17 09:01:49.151  INFO 3488 --- [Thread-30] com.alibaba.druid.pool.DruidDataSource   : {dataSource-2} closed
2021-03-17 09:01:49.161  INFO 3488 --- [Thread-30] o.s.s.concurrent.ThreadPoolTaskExecutor  : Shutting down ExecutorService 'applicationTaskExecutor'
2021-03-17 09:01:49.583  INFO 3488 --- [restartedMain] com.AreaZer.MyBlogApplication            : Starting MyBlogApplication on computer with PID 3488 (C:\Users\lenovo\Desktop\Blog\blogSpringBoot\target\classes started by lenovo in C:\Users\lenovo\Desktop\Blog\blogSpringBoot)
2021-03-17 09:01:49.583  INFO 3488 --- [restartedMain] com.AreaZer.MyBlogApplication            : The following profiles are active: dev
2021-03-17 09:01:50.083  INFO 3488 --- [restartedMain] .s.d.r.c.RepositoryConfigurationDelegate : Multiple Spring Data modules found, entering strict repository configuration mode!
2021-03-17 09:01:50.083  INFO 3488 --- [restartedMain] .s.d.r.c.RepositoryConfigurationDelegate : Bootstrapping Spring Data repositories in DEFAULT mode.
2021-03-17 09:01:50.123  INFO 3488 --- [restartedMain] .s.d.r.c.RepositoryConfigurationDelegate : Finished Spring Data repository scanning in 40ms. Found 0 repository interfaces.
2021-03-17 09:01:50.223  INFO 3488 --- [restartedMain] trationDelegate$BeanPostProcessorChecker : Bean 'shiroConfig' of type [com.AreaZer.shiro.ShiroConfig$$EnhancerBySpringCGLIB$$66717ce0] is not eligible for getting processed by all BeanPostProcessors (for example: not eligible for auto-proxying)
2021-03-17 09:01:50.263  INFO 3488 --- [restartedMain] trationDelegate$BeanPostProcessorChecker : Bean 'myRealm' of type [com.AreaZer.shiro.MyRealm] is not eligible for getting processed by all BeanPostProcessors (for example: not eligible for auto-proxying)
2021-03-17 09:01:50.263  INFO 3488 --- [restartedMain] trationDelegate$BeanPostProcessorChecker : Bean 'securityManager' of type [org.apache.shiro.web.mgt.DefaultWebSecurityManager] is not eligible for getting processed by all BeanPostProcessors (for example: not eligible for auto-proxying)
2021-03-17 09:01:50.283  INFO 3488 --- [restartedMain] trationDelegate$BeanPostProcessorChecker : Bean 'authorizationAttributeSourceAdvisor' of type [org.apache.shiro.spring.security.interceptor.AuthorizationAttributeSourceAdvisor] is not eligible for getting processed by all BeanPostProcessors (for example: not eligible for auto-proxying)
2021-03-17 09:01:50.323  INFO 3488 --- [restartedMain] trationDelegate$BeanPostProcessorChecker : Bean 'org.springframework.transaction.annotation.ProxyTransactionManagementConfiguration' of type [org.springframework.transaction.annotation.ProxyTransactionManagementConfiguration$$EnhancerBySpringCGLIB$$b6d74446] is not eligible for getting processed by all BeanPostProcessors (for example: not eligible for auto-proxying)
2021-03-17 09:01:50.523  INFO 3488 --- [restartedMain] o.s.b.w.embedded.tomcat.TomcatWebServer  : Tomcat initialized with port(s): 80 (http)
2021-03-17 09:01:50.523  INFO 3488 --- [restartedMain] o.apache.catalina.core.StandardService   : Starting service [Tomcat]
2021-03-17 09:01:50.523  INFO 3488 --- [restartedMain] org.apache.catalina.core.StandardEngine  : Starting Servlet engine: [Apache Tomcat/9.0.19]
2021-03-17 09:01:50.523  INFO 3488 --- [restartedMain] o.a.catalina.core.AprLifecycleListener   : Loaded APR based Apache Tomcat Native library [1.2.25] using APR version [1.7.0].
2021-03-17 09:01:50.523  INFO 3488 --- [restartedMain] o.a.catalina.core.AprLifecycleListener   : APR capabilities: IPv6 [true], sendfile [true], accept filters [false], random [true].
2021-03-17 09:01:50.523  INFO 3488 --- [restartedMain] o.a.catalina.core.AprLifecycleListener   : APR/OpenSSL configuration: useAprConnector [false], useOpenSSL [true]
2021-03-17 09:01:50.523  INFO 3488 --- [restartedMain] o.a.catalina.core.AprLifecycleListener   : OpenSSL successfully initialized [OpenSSL 1.1.1g  21 Apr 2020]
2021-03-17 09:01:50.573  INFO 3488 --- [restartedMain] o.a.c.c.C.[Tomcat-1].[localhost].[/]     : Initializing Spring embedded WebApplicationContext
2021-03-17 09:01:50.573  INFO 3488 --- [restartedMain] o.s.web.context.ContextLoader            : Root WebApplicationContext: initialization completed in 990 ms
2021-03-17 09:01:50.703  INFO 3488 --- [restartedMain] c.a.d.s.b.a.DruidDataSourceAutoConfigure : Init DruidDataSource
2021-03-17 09:01:50.903  INFO 3488 --- [restartedMain] com.alibaba.druid.pool.DruidDataSource   : {dataSource-3} inited
2021-03-17 09:01:52.303  INFO 3488 --- [restartedMain] o.s.s.concurrent.ThreadPoolTaskExecutor  : Initializing ExecutorService 'applicationTaskExecutor'
2021-03-17 09:01:52.453  WARN 3488 --- [restartedMain] org.thymeleaf.templatemode.TemplateMode  : [THYMELEAF][restartedMain] Template Mode 'HTML5' is deprecated. Using Template Mode 'HTML' instead.
2021-03-17 09:01:52.493  INFO 3488 --- [restartedMain] o.s.b.a.w.s.WelcomePageHandlerMapping    : Adding welcome page template: index
2021-03-17 09:01:53.253  INFO 3488 --- [restartedMain] o.s.b.d.a.OptionalLiveReloadServer       : LiveReload server is running on port 35729
2021-03-17 09:01:53.293  INFO 3488 --- [restartedMain] o.s.b.w.embedded.tomcat.TomcatWebServer  : Tomcat started on port(s): 80 (http) with context path ''
2021-03-17 09:01:53.303  INFO 3488 --- [restartedMain] com.AreaZer.MyBlogApplication            : Started MyBlogApplication in 3.77 seconds (JVM running for 111.641)
2021-03-17 09:01:53.303  INFO 3488 --- [restartedMain] .ConditionEvaluationDeltaLoggingListener : Condition evaluation delta:


==========================
CONDITION EVALUATION DELTA
==========================


Positive matches:
-----------------

    None


Negative matches:
-----------------

   MybatisAutoConfiguration.MapperScannerRegistrarNotFoundConfiguration:
      Did not match:
         - @ConditionalOnMissingBean (types: org.mybatis.spring.mapper.MapperFactoryBean; SearchStrategy: all) found beans of type 'org.mybatis.spring.mapper.MapperFactoryBean' &blogMapper, &typeMapper, &userMapper, &commentMapper, &friendMapper, &sysMenuMapper, &requestLogMapper, &tagMapper, &sysRoleMapper (OnBeanCondition)

   MybatisPlusAutoConfiguration.MapperScannerRegistrarNotFoundConfiguration:
      Did not match:
         - @ConditionalOnMissingBean (types: org.mybatis.spring.mapper.MapperFactoryBean,org.mybatis.spring.mapper.MapperScannerConfigurer; SearchStrategy: all) found beans of type 'org.mybatis.spring.mapper.MapperFactoryBean' &blogMapper, &typeMapper, &userMapper, &commentMapper, &friendMapper, &sysMenuMapper, &requestLogMapper, &tagMapper, &sysRoleMapper (OnBeanCondition)

   RedisAutoConfiguration#redisTemplate:
      Did not match:
         - @ConditionalOnMissingBean (names: redisTemplate; SearchStrategy: all) found beans named redisTemplate (OnBeanCondition)


Exclusions:
-----------

    None


Unconditional classes:
----------------------

    None



